<?xml version="1.0" encoding="UTF-8"?>
<!-- Generated by org.testng.reporters.JUnitReportReporter -->
<testsuite skipped="0" hostname="Mayankas-MacBook-Air.local" name="com.tests.GetAPITest" tests="1" failures="0" timestamp="2021-07-10T17:51:19 IST" time="3.901" errors="0">
  <testcase name="getAPITest" time="3.901" classname="com.tests.GetAPITest"/>
  <system-out/>
</testsuite> <!-- com.tests.GetAPITest -->
